2020-02-06 00:03:59.756 DEBUG 9748 --- [http-nio-8070-exec-1] o.s.web.servlet.DispatcherServlet        : POST "/customer-service/create-customers", parameters={}
2020-02-06 00:03:59.764 DEBUG 9748 --- [http-nio-8070-exec-1] o.s.w.s.handler.SimpleUrlHandlerMapping  : Mapped to ResourceHttpRequestHandler ["classpath:/META-INF/resources/", "classpath:/resources/", "classpath:/static/", "classpath:/public/", "/"]
2020-02-06 00:03:59.768 DEBUG 9748 --- [http-nio-8070-exec-1] o.s.w.s.r.ResourceHttpRequestHandler     : Resource not found
2020-02-06 00:03:59.769 DEBUG 9748 --- [http-nio-8070-exec-1] o.s.web.servlet.DispatcherServlet        : Completed 404 NOT_FOUND
2020-02-06 00:03:59.769 DEBUG 9748 --- [http-nio-8070-exec-1] o.s.web.servlet.DispatcherServlet        : "ERROR" dispatch for POST "/customer-service/error", parameters={}
2020-02-06 00:03:59.772 DEBUG 9748 --- [http-nio-8070-exec-1] s.w.s.m.m.a.RequestMappingHandlerMapping : Mapped to org.springframework.boot.autoconfigure.web.servlet.error.BasicErrorController#error(HttpServletRequest)
2020-02-06 00:03:59.774 DEBUG 9748 --- [http-nio-8070-exec-1] o.s.w.s.m.m.a.HttpEntityMethodProcessor  : Using 'application/json', given [*/*] and supported [application/json, application/*+json, application/json, application/*+json]
2020-02-06 00:03:59.774 DEBUG 9748 --- [http-nio-8070-exec-1] o.s.w.s.m.m.a.HttpEntityMethodProcessor  : Writing [{timestamp=Thu Feb 06 00:03:59 IST 2020, status=404, error=Not Found, message=No message available,  (truncated)...]
2020-02-06 00:03:59.776 DEBUG 9748 --- [http-nio-8070-exec-1] o.s.web.servlet.DispatcherServlet        : Exiting from "ERROR" dispatch, status 404
2020-02-06 00:04:12.955 DEBUG 9748 --- [http-nio-8070-exec-3] o.s.web.servlet.DispatcherServlet        : POST "/customer-service/create-customer", parameters={}
2020-02-06 00:04:12.956 DEBUG 9748 --- [http-nio-8070-exec-3] s.w.s.m.m.a.RequestMappingHandlerMapping : Mapped to com.tek.trp.controller.CustomerController#createCustomer(Customer)
2020-02-06 00:04:12.957 DEBUG 9748 --- [http-nio-8070-exec-3] m.m.a.RequestResponseBodyMethodProcessor : Read "application/json;charset=UTF-8" to [Customer(id=0, customerName=New User112, customerId=0, lastname=TEK, middleName=null, branchId=0, br (truncated)...]
2020-02-06 00:04:12.958 DEBUG 9748 --- [http-nio-8070-exec-3] c.t.t.s.serviceimpl.CustomerServiceImpl  : Customer Customer(id=0, customerName=New User112, customerId=0, lastname=TEK, middleName=null, branchId=0, branchName=null, branchCity=null, branchState=null, branchCountry=null, ifscCode=null, customerStatus=null, createdBy=null, createdOn=null, modifiedBy=null, modifiedOn=null)
2020-02-06 00:04:12.983 DEBUG 9748 --- [http-nio-8070-exec-3] m.m.a.RequestResponseBodyMethodProcessor : Using 'application/json', given [*/*] and supported [application/json, application/*+json, application/json, application/*+json]
2020-02-06 00:04:12.984 DEBUG 9748 --- [http-nio-8070-exec-3] m.m.a.RequestResponseBodyMethodProcessor : Writing [Customer(id=3, customerName=New User112, customerId=0, lastname=TEK, middleName=null, branchId=0, br (truncated)...]
2020-02-06 00:04:12.985 DEBUG 9748 --- [http-nio-8070-exec-3] o.s.web.servlet.DispatcherServlet        : Completed 200 OK
2020-02-06 00:04:56.111  INFO 2816 --- [restartedMain] com.tek.trp.CustomerServiceApplication   : Starting CustomerServiceApplication on BSC-PF1HAF2M with PID 2816 (D:\Savya\POC\CustomerService\target\classes started by saps in D:\Savya\POC\CustomerService)
2020-02-06 00:04:56.117 DEBUG 2816 --- [restartedMain] com.tek.trp.CustomerServiceApplication   : Running with Spring Boot v2.2.4.RELEASE, Spring v5.2.3.RELEASE
2020-02-06 00:04:56.119  INFO 2816 --- [restartedMain] com.tek.trp.CustomerServiceApplication   : No active profile set, falling back to default profiles: default
2020-02-06 00:04:56.232  INFO 2816 --- [restartedMain] o.s.b.devtools.restart.ChangeableUrls    : The Class-Path manifest attribute in C:\Users\saps\.m2\repository\org\glassfish\jaxb\jaxb-runtime\2.3.2\jaxb-runtime-2.3.2.jar referenced one or more files that do not exist: file:/C:/Users/saps/.m2/repository/org/glassfish/jaxb/jaxb-runtime/2.3.2/jakarta.xml.bind-api-2.3.2.jar,file:/C:/Users/saps/.m2/repository/org/glassfish/jaxb/jaxb-runtime/2.3.2/txw2-2.3.2.jar,file:/C:/Users/saps/.m2/repository/org/glassfish/jaxb/jaxb-runtime/2.3.2/istack-commons-runtime-3.0.8.jar,file:/C:/Users/saps/.m2/repository/org/glassfish/jaxb/jaxb-runtime/2.3.2/stax-ex-1.8.1.jar,file:/C:/Users/saps/.m2/repository/org/glassfish/jaxb/jaxb-runtime/2.3.2/FastInfoset-1.2.16.jar,file:/C:/Users/saps/.m2/repository/org/glassfish/jaxb/jaxb-runtime/2.3.2/jakarta.activation-api-1.2.1.jar
2020-02-06 00:04:56.237  INFO 2816 --- [restartedMain] .e.DevToolsPropertyDefaultsPostProcessor : Devtools property defaults active! Set 'spring.devtools.add-properties' to 'false' to disable
2020-02-06 00:04:56.237  INFO 2816 --- [restartedMain] .e.DevToolsPropertyDefaultsPostProcessor : For additional web related logging consider setting the 'logging.level.web' property to 'DEBUG'
2020-02-06 00:04:57.626  INFO 2816 --- [restartedMain] .s.d.r.c.RepositoryConfigurationDelegate : Bootstrapping Spring Data JPA repositories in DEFAULT mode.
2020-02-06 00:04:57.718  INFO 2816 --- [restartedMain] .s.d.r.c.RepositoryConfigurationDelegate : Finished Spring Data repository scanning in 76ms. Found 4 JPA repository interfaces.
2020-02-06 00:04:58.328  INFO 2816 --- [restartedMain] trationDelegate$BeanPostProcessorChecker : Bean 'org.springframework.transaction.annotation.ProxyTransactionManagementConfiguration' of type [org.springframework.transaction.annotation.ProxyTransactionManagementConfiguration] is not eligible for getting processed by all BeanPostProcessors (for example: not eligible for auto-proxying)
2020-02-06 00:04:58.932  INFO 2816 --- [restartedMain] o.s.b.w.embedded.tomcat.TomcatWebServer  : Tomcat initialized with port(s): 8070 (http)
2020-02-06 00:04:58.951  INFO 2816 --- [restartedMain] o.apache.catalina.core.StandardService   : Starting service [Tomcat]
2020-02-06 00:04:58.952  INFO 2816 --- [restartedMain] org.apache.catalina.core.StandardEngine  : Starting Servlet engine: [Apache Tomcat/9.0.30]
2020-02-06 00:04:59.107  INFO 2816 --- [restartedMain] o.a.c.c.C.[.[.[/customer-service]        : Initializing Spring embedded WebApplicationContext
2020-02-06 00:04:59.107 DEBUG 2816 --- [restartedMain] o.s.web.context.ContextLoader            : Published root WebApplicationContext as ServletContext attribute with name [org.springframework.web.context.WebApplicationContext.ROOT]
2020-02-06 00:04:59.107  INFO 2816 --- [restartedMain] o.s.web.context.ContextLoader            : Root WebApplicationContext: initialization completed in 2868 ms
2020-02-06 00:04:59.642  INFO 2816 --- [restartedMain] o.hibernate.jpa.internal.util.LogHelper  : HHH000204: Processing PersistenceUnitInfo [name: default]
2020-02-06 00:04:59.791  INFO 2816 --- [restartedMain] org.hibernate.Version                    : HHH000412: Hibernate Core {5.4.10.Final}
2020-02-06 00:05:00.069  INFO 2816 --- [restartedMain] o.hibernate.annotations.common.Version   : HCANN000001: Hibernate Commons Annotations {5.1.0.Final}
2020-02-06 00:05:00.233  INFO 2816 --- [restartedMain] com.zaxxer.hikari.HikariDataSource       : HikariPool-1 - Starting...
2020-02-06 00:05:00.822  INFO 2816 --- [restartedMain] com.zaxxer.hikari.HikariDataSource       : HikariPool-1 - Start completed.
2020-02-06 00:05:00.844  INFO 2816 --- [restartedMain] org.hibernate.dialect.Dialect            : HHH000400: Using dialect: org.hibernate.dialect.MySQL5InnoDBDialect
2020-02-06 00:05:03.154  INFO 2816 --- [restartedMain] o.h.e.t.j.p.i.JtaPlatformInitiator       : HHH000490: Using JtaPlatform implementation: [org.hibernate.engine.transaction.jta.platform.internal.NoJtaPlatform]
2020-02-06 00:05:03.167  INFO 2816 --- [restartedMain] j.LocalContainerEntityManagerFactoryBean : Initialized JPA EntityManagerFactory for persistence unit 'default'
2020-02-06 00:05:03.189  INFO 2816 --- [restartedMain] o.s.b.d.a.OptionalLiveReloadServer       : LiveReload server is running on port 35729
2020-02-06 00:05:04.750  INFO 2816 --- [restartedMain] com.tek.trp.config.DBConfiguration       : DB connection
2020-02-06 00:05:04.750  INFO 2816 --- [restartedMain] com.tek.trp.config.DBConfiguration       : com.mysql.cj.jdbc.Driver
2020-02-06 00:05:04.750  INFO 2816 --- [restartedMain] com.tek.trp.config.DBConfiguration       : jdbc:mysql://localhost:3306/digipoc
2020-02-06 00:05:04.849  WARN 2816 --- [restartedMain] JpaBaseConfiguration$JpaWebConfiguration : spring.jpa.open-in-view is enabled by default. Therefore, database queries may be performed during view rendering. Explicitly configure spring.jpa.open-in-view to disable this warning
2020-02-06 00:05:05.531  INFO 2816 --- [restartedMain] o.s.s.concurrent.ThreadPoolTaskExecutor  : Initializing ExecutorService 'applicationTaskExecutor'
2020-02-06 00:05:05.551 DEBUG 2816 --- [restartedMain] s.w.s.m.m.a.RequestMappingHandlerAdapter : ControllerAdvice beans: 0 @ModelAttribute, 0 @InitBinder, 1 RequestBodyAdvice, 1 ResponseBodyAdvice
2020-02-06 00:05:05.718 DEBUG 2816 --- [restartedMain] s.w.s.m.m.a.RequestMappingHandlerMapping : 7 mappings in 'requestMappingHandlerMapping'
2020-02-06 00:05:05.795 DEBUG 2816 --- [restartedMain] o.s.w.s.handler.SimpleUrlHandlerMapping  : Patterns [/webjars/**, /**] in 'resourceHandlerMapping'
2020-02-06 00:05:05.818 DEBUG 2816 --- [restartedMain] .m.m.a.ExceptionHandlerExceptionResolver : ControllerAdvice beans: 0 @ExceptionHandler, 1 ResponseBodyAdvice
2020-02-06 00:05:06.252  INFO 2816 --- [restartedMain] o.s.b.a.e.web.EndpointLinksResolver      : Exposing 2 endpoint(s) beneath base path '/actuator'
2020-02-06 00:05:06.391  INFO 2816 --- [restartedMain] o.s.b.w.embedded.tomcat.TomcatWebServer  : Tomcat started on port(s): 8070 (http) with context path '/customer-service'
2020-02-06 00:05:06.395  INFO 2816 --- [restartedMain] com.tek.trp.CustomerServiceApplication   : Started CustomerServiceApplication in 11.032 seconds (JVM running for 11.873)
2020-02-06 00:05:13.294  INFO 2816 --- [http-nio-8070-exec-3] o.a.c.c.C.[.[.[/customer-service]        : Initializing Spring DispatcherServlet 'dispatcherServlet'
2020-02-06 00:05:13.296  INFO 2816 --- [http-nio-8070-exec-3] o.s.web.servlet.DispatcherServlet        : Initializing Servlet 'dispatcherServlet'
2020-02-06 00:05:13.296 DEBUG 2816 --- [http-nio-8070-exec-3] o.s.web.servlet.DispatcherServlet        : Detected StandardServletMultipartResolver
2020-02-06 00:05:13.316 DEBUG 2816 --- [http-nio-8070-exec-3] o.s.web.servlet.DispatcherServlet        : enableLoggingRequestDetails='false': request parameters and headers will be masked to prevent unsafe logging of potentially sensitive data
2020-02-06 00:05:13.317  INFO 2816 --- [http-nio-8070-exec-3] o.s.web.servlet.DispatcherServlet        : Completed initialization in 21 ms
2020-02-06 00:05:13.359 DEBUG 2816 --- [http-nio-8070-exec-3] o.s.web.servlet.DispatcherServlet        : POST "/customer-service/create-customer", parameters={}
2020-02-06 00:05:13.386 DEBUG 2816 --- [http-nio-8070-exec-3] s.w.s.m.m.a.RequestMappingHandlerMapping : Mapped to com.tek.trp.controller.CustomerController#createCustomer(Customer)
2020-02-06 00:05:13.814 DEBUG 2816 --- [http-nio-8070-exec-3] m.m.a.RequestResponseBodyMethodProcessor : Read "application/json;charset=UTF-8" to [Customer(id=0, customerName=New User112, customerId=0, lastname=TEK, middleName=null, branchId=0, br (truncated)...]
2020-02-06 00:05:13.851 DEBUG 2816 --- [http-nio-8070-exec-3] c.t.t.s.serviceimpl.CustomerServiceImpl  : Customer Customer(id=0, customerName=New User112, customerId=23348847, lastname=TEK, middleName=null, branchId=0, branchName=null, branchCity=null, branchState=null, branchCountry=null, ifscCode=null, customerStatus=null, createdBy=null, createdOn=null, modifiedBy=null, modifiedOn=null)
2020-02-06 00:05:14.199 DEBUG 2816 --- [http-nio-8070-exec-3] m.m.a.RequestResponseBodyMethodProcessor : Using 'application/json', given [*/*] and supported [application/json, application/*+json, application/json, application/*+json]
2020-02-06 00:05:14.199 DEBUG 2816 --- [http-nio-8070-exec-3] m.m.a.RequestResponseBodyMethodProcessor : Writing [Customer(id=1, customerName=New User112, customerId=23348847, lastname=TEK, middleName=null, branchI (truncated)...]
2020-02-06 00:05:14.287 DEBUG 2816 --- [http-nio-8070-exec-3] o.s.web.servlet.DispatcherServlet        : Completed 200 OK
2020-02-06 00:05:59.956 DEBUG 2816 --- [http-nio-8070-exec-2] o.s.web.servlet.DispatcherServlet        : POST "/customer-service/create-customer", parameters={}
2020-02-06 00:05:59.957 DEBUG 2816 --- [http-nio-8070-exec-2] s.w.s.m.m.a.RequestMappingHandlerMapping : Mapped to com.tek.trp.controller.CustomerController#createCustomer(Customer)
2020-02-06 00:05:59.959 DEBUG 2816 --- [http-nio-8070-exec-2] m.m.a.RequestResponseBodyMethodProcessor : Read "application/json;charset=UTF-8" to [Customer(id=0, customerName=New User112, customerId=0, lastname=TEK, middleName=null, branchId=0, br (truncated)...]
2020-02-06 00:05:59.959 DEBUG 2816 --- [http-nio-8070-exec-2] c.t.t.s.serviceimpl.CustomerServiceImpl  : Customer Customer(id=0, customerName=New User112, customerId=33903154, lastname=TEK, middleName=null, branchId=0, branchName=null, branchCity=null, branchState=null, branchCountry=null, ifscCode=null, customerStatus=null, createdBy=null, createdOn=null, modifiedBy=null, modifiedOn=null)
2020-02-06 00:05:59.978 DEBUG 2816 --- [http-nio-8070-exec-2] m.m.a.RequestResponseBodyMethodProcessor : Using 'application/json', given [*/*] and supported [application/json, application/*+json, application/json, application/*+json]
2020-02-06 00:05:59.978 DEBUG 2816 --- [http-nio-8070-exec-2] m.m.a.RequestResponseBodyMethodProcessor : Writing [Customer(id=2, customerName=New User112, customerId=33903154, lastname=TEK, middleName=null, branchI (truncated)...]
2020-02-06 00:05:59.980 DEBUG 2816 --- [http-nio-8070-exec-2] o.s.web.servlet.DispatcherServlet        : Completed 200 OK
2020-02-06 00:07:24.532 DEBUG 2816 --- [http-nio-8070-exec-6] o.s.web.servlet.DispatcherServlet        : POST "/customer-service/create-customer", parameters={}
2020-02-06 00:07:24.533 DEBUG 2816 --- [http-nio-8070-exec-6] s.w.s.m.m.a.RequestMappingHandlerMapping : Mapped to com.tek.trp.controller.CustomerController#createCustomer(Customer)
2020-02-06 00:07:24.533 DEBUG 2816 --- [http-nio-8070-exec-6] m.m.a.RequestResponseBodyMethodProcessor : Read "application/json;charset=UTF-8" to [Customer(id=0, customerName=New User112, customerId=0, lastname=TEK, middleName=null, branchId=0, br (truncated)...]
2020-02-06 00:07:24.533 DEBUG 2816 --- [http-nio-8070-exec-6] c.t.t.s.serviceimpl.CustomerServiceImpl  : Customer Customer(id=0, customerName=New User112, customerId=66150677, lastname=TEK, middleName=null, branchId=0, branchName=null, branchCity=null, branchState=null, branchCountry=null, ifscCode=null, customerStatus=null, createdBy=null, createdOn=null, modifiedBy=null, modifiedOn=null)
2020-02-06 00:07:24.552 DEBUG 2816 --- [http-nio-8070-exec-6] m.m.a.RequestResponseBodyMethodProcessor : Using 'application/json', given [*/*] and supported [application/json, application/*+json, application/json, application/*+json]
2020-02-06 00:07:24.552 DEBUG 2816 --- [http-nio-8070-exec-6] m.m.a.RequestResponseBodyMethodProcessor : Writing [Customer(id=3, customerName=New User112, customerId=66150677, lastname=TEK, middleName=null, branchI (truncated)...]
2020-02-06 00:07:24.554 DEBUG 2816 --- [http-nio-8070-exec-6] o.s.web.servlet.DispatcherServlet        : Completed 200 OK
2020-02-06 00:15:14.035  INFO 12660 --- [restartedMain] com.tek.trp.CustomerServiceApplication   : Starting CustomerServiceApplication on BSC-PF1HAF2M with PID 12660 (D:\Savya\POC\CustomerService\target\classes started by saps in D:\Savya\POC\CustomerService)
2020-02-06 00:15:14.039 DEBUG 12660 --- [restartedMain] com.tek.trp.CustomerServiceApplication   : Running with Spring Boot v2.2.4.RELEASE, Spring v5.2.3.RELEASE
2020-02-06 00:15:14.040  INFO 12660 --- [restartedMain] com.tek.trp.CustomerServiceApplication   : No active profile set, falling back to default profiles: default
2020-02-06 00:15:14.149  INFO 12660 --- [restartedMain] o.s.b.devtools.restart.ChangeableUrls    : The Class-Path manifest attribute in C:\Users\saps\.m2\repository\org\glassfish\jaxb\jaxb-runtime\2.3.2\jaxb-runtime-2.3.2.jar referenced one or more files that do not exist: file:/C:/Users/saps/.m2/repository/org/glassfish/jaxb/jaxb-runtime/2.3.2/jakarta.xml.bind-api-2.3.2.jar,file:/C:/Users/saps/.m2/repository/org/glassfish/jaxb/jaxb-runtime/2.3.2/txw2-2.3.2.jar,file:/C:/Users/saps/.m2/repository/org/glassfish/jaxb/jaxb-runtime/2.3.2/istack-commons-runtime-3.0.8.jar,file:/C:/Users/saps/.m2/repository/org/glassfish/jaxb/jaxb-runtime/2.3.2/stax-ex-1.8.1.jar,file:/C:/Users/saps/.m2/repository/org/glassfish/jaxb/jaxb-runtime/2.3.2/FastInfoset-1.2.16.jar,file:/C:/Users/saps/.m2/repository/org/glassfish/jaxb/jaxb-runtime/2.3.2/jakarta.activation-api-1.2.1.jar
2020-02-06 00:15:14.151  INFO 12660 --- [restartedMain] .e.DevToolsPropertyDefaultsPostProcessor : Devtools property defaults active! Set 'spring.devtools.add-properties' to 'false' to disable
2020-02-06 00:15:14.152  INFO 12660 --- [restartedMain] .e.DevToolsPropertyDefaultsPostProcessor : For additional web related logging consider setting the 'logging.level.web' property to 'DEBUG'
2020-02-06 00:15:15.501  INFO 12660 --- [restartedMain] .s.d.r.c.RepositoryConfigurationDelegate : Bootstrapping Spring Data JPA repositories in DEFAULT mode.
2020-02-06 00:15:15.589  INFO 12660 --- [restartedMain] .s.d.r.c.RepositoryConfigurationDelegate : Finished Spring Data repository scanning in 77ms. Found 4 JPA repository interfaces.
2020-02-06 00:15:16.056  INFO 12660 --- [restartedMain] trationDelegate$BeanPostProcessorChecker : Bean 'org.springframework.transaction.annotation.ProxyTransactionManagementConfiguration' of type [org.springframework.transaction.annotation.ProxyTransactionManagementConfiguration] is not eligible for getting processed by all BeanPostProcessors (for example: not eligible for auto-proxying)
2020-02-06 00:15:16.595  INFO 12660 --- [restartedMain] o.s.b.w.embedded.tomcat.TomcatWebServer  : Tomcat initialized with port(s): 8070 (http)
2020-02-06 00:15:16.612  INFO 12660 --- [restartedMain] o.apache.catalina.core.StandardService   : Starting service [Tomcat]
2020-02-06 00:15:16.612  INFO 12660 --- [restartedMain] org.apache.catalina.core.StandardEngine  : Starting Servlet engine: [Apache Tomcat/9.0.30]
2020-02-06 00:15:16.730  INFO 12660 --- [restartedMain] o.a.c.c.C.[.[.[/customer-service]        : Initializing Spring embedded WebApplicationContext
2020-02-06 00:15:16.730 DEBUG 12660 --- [restartedMain] o.s.web.context.ContextLoader            : Published root WebApplicationContext as ServletContext attribute with name [org.springframework.web.context.WebApplicationContext.ROOT]
2020-02-06 00:15:16.733  INFO 12660 --- [restartedMain] o.s.web.context.ContextLoader            : Root WebApplicationContext: initialization completed in 2580 ms
2020-02-06 00:15:17.180  INFO 12660 --- [restartedMain] o.hibernate.jpa.internal.util.LogHelper  : HHH000204: Processing PersistenceUnitInfo [name: default]
2020-02-06 00:15:17.269  INFO 12660 --- [restartedMain] org.hibernate.Version                    : HHH000412: Hibernate Core {5.4.10.Final}
2020-02-06 00:15:17.475  INFO 12660 --- [restartedMain] o.hibernate.annotations.common.Version   : HCANN000001: Hibernate Commons Annotations {5.1.0.Final}
2020-02-06 00:15:17.570  INFO 12660 --- [restartedMain] com.zaxxer.hikari.HikariDataSource       : HikariPool-1 - Starting...
2020-02-06 00:15:18.109  INFO 12660 --- [restartedMain] com.zaxxer.hikari.HikariDataSource       : HikariPool-1 - Start completed.
2020-02-06 00:15:18.131  INFO 12660 --- [restartedMain] org.hibernate.dialect.Dialect            : HHH000400: Using dialect: org.hibernate.dialect.MySQL5InnoDBDialect
2020-02-06 00:15:20.328  INFO 12660 --- [restartedMain] o.h.e.t.j.p.i.JtaPlatformInitiator       : HHH000490: Using JtaPlatform implementation: [org.hibernate.engine.transaction.jta.platform.internal.NoJtaPlatform]
2020-02-06 00:15:20.341  INFO 12660 --- [restartedMain] j.LocalContainerEntityManagerFactoryBean : Initialized JPA EntityManagerFactory for persistence unit 'default'
2020-02-06 00:15:20.373  INFO 12660 --- [restartedMain] o.s.b.d.a.OptionalLiveReloadServer       : LiveReload server is running on port 35729
2020-02-06 00:15:21.221  INFO 12660 --- [restartedMain] com.tek.trp.config.DBConfiguration       : DB connection
2020-02-06 00:15:21.222  INFO 12660 --- [restartedMain] com.tek.trp.config.DBConfiguration       : com.mysql.cj.jdbc.Driver
2020-02-06 00:15:21.222  INFO 12660 --- [restartedMain] com.tek.trp.config.DBConfiguration       : jdbc:mysql://localhost:3306/digipoc
2020-02-06 00:15:21.290  WARN 12660 --- [restartedMain] JpaBaseConfiguration$JpaWebConfiguration : spring.jpa.open-in-view is enabled by default. Therefore, database queries may be performed during view rendering. Explicitly configure spring.jpa.open-in-view to disable this warning
2020-02-06 00:15:21.521  INFO 12660 --- [restartedMain] o.s.s.concurrent.ThreadPoolTaskExecutor  : Initializing ExecutorService 'applicationTaskExecutor'
2020-02-06 00:15:21.533 DEBUG 12660 --- [restartedMain] s.w.s.m.m.a.RequestMappingHandlerAdapter : ControllerAdvice beans: 0 @ModelAttribute, 0 @InitBinder, 1 RequestBodyAdvice, 1 ResponseBodyAdvice
2020-02-06 00:15:21.615 DEBUG 12660 --- [restartedMain] s.w.s.m.m.a.RequestMappingHandlerMapping : 6 mappings in 'requestMappingHandlerMapping'
2020-02-06 00:15:21.643 DEBUG 12660 --- [restartedMain] o.s.w.s.handler.SimpleUrlHandlerMapping  : Patterns [/webjars/**, /**] in 'resourceHandlerMapping'
2020-02-06 00:15:21.655 DEBUG 12660 --- [restartedMain] .m.m.a.ExceptionHandlerExceptionResolver : ControllerAdvice beans: 0 @ExceptionHandler, 1 ResponseBodyAdvice
2020-02-06 00:15:21.837  INFO 12660 --- [restartedMain] o.s.b.a.e.web.EndpointLinksResolver      : Exposing 2 endpoint(s) beneath base path '/actuator'
2020-02-06 00:15:21.898  INFO 12660 --- [restartedMain] o.s.b.w.embedded.tomcat.TomcatWebServer  : Tomcat started on port(s): 8070 (http) with context path '/customer-service'
2020-02-06 00:15:21.901  INFO 12660 --- [restartedMain] com.tek.trp.CustomerServiceApplication   : Started CustomerServiceApplication in 8.463 seconds (JVM running for 9.192)
2020-02-06 00:15:32.275  INFO 12660 --- [http-nio-8070-exec-1] o.a.c.c.C.[.[.[/customer-service]        : Initializing Spring DispatcherServlet 'dispatcherServlet'
2020-02-06 00:15:32.277  INFO 12660 --- [http-nio-8070-exec-1] o.s.web.servlet.DispatcherServlet        : Initializing Servlet 'dispatcherServlet'
2020-02-06 00:15:32.277 DEBUG 12660 --- [http-nio-8070-exec-1] o.s.web.servlet.DispatcherServlet        : Detected StandardServletMultipartResolver
2020-02-06 00:15:32.291 DEBUG 12660 --- [http-nio-8070-exec-1] o.s.web.servlet.DispatcherServlet        : enableLoggingRequestDetails='false': request parameters and headers will be masked to prevent unsafe logging of potentially sensitive data
2020-02-06 00:15:32.292  INFO 12660 --- [http-nio-8070-exec-1] o.s.web.servlet.DispatcherServlet        : Completed initialization in 14 ms
2020-02-06 00:15:32.308 DEBUG 12660 --- [http-nio-8070-exec-1] o.s.web.servlet.DispatcherServlet        : POST "/customer-service/api/create-customer", parameters={}
2020-02-06 00:15:32.315 DEBUG 12660 --- [http-nio-8070-exec-1] s.w.s.m.m.a.RequestMappingHandlerMapping : Mapped to com.tek.trp.controller.CustomerController#createCustomer(Customer)
2020-02-06 00:15:32.477 DEBUG 12660 --- [http-nio-8070-exec-1] m.m.a.RequestResponseBodyMethodProcessor : Read "application/json;charset=UTF-8" to [Customer(id=0, customerName=New User112, customerId=0, lastname=TEK, middleName=null, branchId=0, br (truncated)...]
2020-02-06 00:15:32.503 DEBUG 12660 --- [http-nio-8070-exec-1] c.t.t.s.serviceimpl.CustomerServiceImpl  : Customer Customer(id=0, customerName=New User112, customerId=8605142, lastname=TEK, middleName=null, branchId=0, branchName=null, branchCity=null, branchState=null, branchCountry=null, ifscCode=null, customerStatus=null, createdBy=null, createdOn=null, modifiedBy=null, modifiedOn=null)
2020-02-06 00:15:32.735 DEBUG 12660 --- [http-nio-8070-exec-1] m.m.a.RequestResponseBodyMethodProcessor : Using 'application/json', given [*/*] and supported [application/json, application/*+json, application/json, application/*+json]
2020-02-06 00:15:32.736 DEBUG 12660 --- [http-nio-8070-exec-1] m.m.a.RequestResponseBodyMethodProcessor : Writing [Customer(id=1, customerName=New User112, customerId=8605142, lastname=TEK, middleName=null, branchId (truncated)...]
2020-02-06 00:15:32.786 DEBUG 12660 --- [http-nio-8070-exec-1] o.s.web.servlet.DispatcherServlet        : Completed 200 OK
2020-02-06 00:15:44.294 DEBUG 12660 --- [http-nio-8070-exec-3] o.s.web.servlet.DispatcherServlet        : POST "/customer-service/api/create-customer", parameters={}
2020-02-06 00:15:44.295 DEBUG 12660 --- [http-nio-8070-exec-3] s.w.s.m.m.a.RequestMappingHandlerMapping : Mapped to com.tek.trp.controller.CustomerController#createCustomer(Customer)
2020-02-06 00:15:44.296 DEBUG 12660 --- [http-nio-8070-exec-3] m.m.a.RequestResponseBodyMethodProcessor : Read "application/json;charset=UTF-8" to [Customer(id=0, customerName=New User112, customerId=0, lastname=TEK, middleName=null, branchId=0, br (truncated)...]
2020-02-06 00:15:44.298 DEBUG 12660 --- [http-nio-8070-exec-3] c.t.t.s.serviceimpl.CustomerServiceImpl  : Customer Customer(id=0, customerName=New User112, customerId=88222656, lastname=TEK, middleName=null, branchId=0, branchName=null, branchCity=null, branchState=null, branchCountry=null, ifscCode=null, customerStatus=null, createdBy=null, createdOn=null, modifiedBy=null, modifiedOn=null)
2020-02-06 00:15:44.316 DEBUG 12660 --- [http-nio-8070-exec-3] m.m.a.RequestResponseBodyMethodProcessor : Using 'application/json', given [*/*] and supported [application/json, application/*+json, application/json, application/*+json]
2020-02-06 00:15:44.316 DEBUG 12660 --- [http-nio-8070-exec-3] m.m.a.RequestResponseBodyMethodProcessor : Writing [Customer(id=2, customerName=New User112, customerId=88222656, lastname=TEK, middleName=null, branchI (truncated)...]
2020-02-06 00:15:44.318 DEBUG 12660 --- [http-nio-8070-exec-3] o.s.web.servlet.DispatcherServlet        : Completed 200 OK
2020-02-06 00:16:44.424 DEBUG 12660 --- [http-nio-8070-exec-4] o.s.web.servlet.DispatcherServlet        : POST "/customer-service/api/create-customer", parameters={}
2020-02-06 00:16:44.425 DEBUG 12660 --- [http-nio-8070-exec-4] s.w.s.m.m.a.RequestMappingHandlerMapping : Mapped to com.tek.trp.controller.CustomerController#createCustomer(Customer)
2020-02-06 00:16:44.428 DEBUG 12660 --- [http-nio-8070-exec-4] m.m.a.RequestResponseBodyMethodProcessor : Read "application/json;charset=UTF-8" to [Customer(id=0, customerName=New User112, customerId=0, lastname=TEK, middleName=null, branchId=0, br (truncated)...]
2020-02-06 00:16:44.430 DEBUG 12660 --- [http-nio-8070-exec-4] c.t.t.s.serviceimpl.CustomerServiceImpl  : Customer Customer(id=0, customerName=New User112, customerId=36026198, lastname=TEK, middleName=null, branchId=0, branchName=null, branchCity=null, branchState=null, branchCountry=null, ifscCode=null, customerStatus=null, createdBy=null, createdOn=null, modifiedBy=null, modifiedOn=null)
2020-02-06 00:16:44.456 DEBUG 12660 --- [http-nio-8070-exec-4] m.m.a.RequestResponseBodyMethodProcessor : Using 'application/json', given [*/*] and supported [application/json, application/*+json, application/json, application/*+json]
2020-02-06 00:16:44.457 DEBUG 12660 --- [http-nio-8070-exec-4] m.m.a.RequestResponseBodyMethodProcessor : Writing [Customer(id=3, customerName=New User112, customerId=36026198, lastname=TEK, middleName=null, branchI (truncated)...]
2020-02-06 00:16:44.459 DEBUG 12660 --- [http-nio-8070-exec-4] o.s.web.servlet.DispatcherServlet        : Completed 200 OK
